Performing C SOURCE FILE Test CMAKE_HAVE_LIBC_PTHREAD failed with the following output:
Change Dir: /home/sique/src/DroneSys/Driver/realsense-ros-2.3.2/realsense2_camera/build/CMakeFiles/CMakeTmp

Run Build Command(s):/usr/bin/ninja cmTC_f4b83 && [1/2] Building C object CMakeFiles/cmTC_f4b83.dir/src.c.o
[2/2] Linking C executable cmTC_f4b83
FAILED: cmTC_f4b83 
: && /usr/lib/ccache/cc -DCMAKE_HAVE_LIBC_PTHREAD  -rdynamic CMakeFiles/cmTC_f4b83.dir/src.c.o  -o cmTC_f4b83   && :
/usr/bin/ld: CMakeFiles/cmTC_f4b83.dir/src.c.o: in function `main':
src.c:(.text+0x46): undefined reference to `pthread_create'
/usr/bin/ld: src.c:(.text+0x52): undefined reference to `pthread_detach'
/usr/bin/ld: src.c:(.text+0x63): undefined reference to `pthread_join'
collect2: error: ld returned 1 exit status
ninja: build stopped: subcommand failed.


Source file was:
#include <pthread.h>

void* test_func(void* data)
{
  return data;
}

int main(void)
{
  pthread_t thread;
  pthread_create(&thread, NULL, test_func, NULL);
  pthread_detach(thread);
  pthread_join(thread, NULL);
  pthread_atfork(NULL, NULL, NULL);
  pthread_exit(NULL);

  return 0;
}

Determining if the function pthread_create exists in the pthreads failed with the following output:
Change Dir: /home/sique/src/DroneSys/Driver/realsense-ros-2.3.2/realsense2_camera/build/CMakeFiles/CMakeTmp

Run Build Command(s):/usr/bin/ninja cmTC_3188f && [1/2] Building C object CMakeFiles/cmTC_3188f.dir/CheckFunctionExists.c.o
[2/2] Linking C executable cmTC_3188f
FAILED: cmTC_3188f 
: && /usr/lib/ccache/cc -DCHECK_FUNCTION_EXISTS=pthread_create  -rdynamic CMakeFiles/cmTC_3188f.dir/CheckFunctionExists.c.o  -o cmTC_3188f  -lpthreads && :
/usr/bin/ld: cannot find -lpthreads
collect2: error: ld returned 1 exit status
ninja: build stopped: subcommand failed.



